{"D:\\FrontEnd\\Modsen\\Internship\\Test Tasks\\Twitter Clone\\src\\utils\\generateYears.ts": {"path":"D:\\FrontEnd\\Modsen\\Internship\\Test Tasks\\Twitter Clone\\src\\utils\\generateYears.ts","statementMap":{"0":{"start":{"line":2,"column":21},"end":{"line":2,"column":45}},"1":{"start":{"line":3,"column":19},"end":{"line":3,"column":23}},"2":{"start":{"line":5,"column":20},"end":{"line":7,"column":null}},"3":{"start":{"line":7,"column":16},"end":{"line":7,"column":48}},"4":{"start":{"line":10,"column":1},"end":{"line":10,"column":19}},"5":{"start":{"line":1,"column":0},"end":{"line":1,"column":16}}},"fnMap":{"0":{"name":"generateYears","decl":{"start":{"line":1,"column":16},"end":{"line":1,"column":29}},"loc":{"start":{"line":1,"column":29},"end":{"line":11,"column":1}}},"1":{"name":"(anonymous_1)","decl":{"start":{"line":7,"column":2},"end":{"line":7,"column":3}},"loc":{"start":{"line":7,"column":16},"end":{"line":7,"column":48}}}},"branchMap":{},"s":{"0":1,"1":1,"2":1,"3":125,"4":1,"5":1},"f":{"0":1,"1":125},"b":{}}
,"D:\\FrontEnd\\Modsen\\Internship\\Test Tasks\\Twitter Clone\\src\\utils\\getDaysInMonthArray.ts": {"path":"D:\\FrontEnd\\Modsen\\Internship\\Test Tasks\\Twitter Clone\\src\\utils\\getDaysInMonthArray.ts","statementMap":{"0":{"start":{"line":2,"column":1},"end":{"line":4,"column":2}},"1":{"start":{"line":3,"column":2},"end":{"line":3,"column":12}},"2":{"start":{"line":6,"column":21},"end":{"line":6,"column":31}},"3":{"start":{"line":7,"column":21},"end":{"line":7,"column":46}},"4":{"start":{"line":8,"column":22},"end":{"line":8,"column":44}},"5":{"start":{"line":9,"column":20},"end":{"line":9,"column":41}},"6":{"start":{"line":11,"column":21},"end":{"line":11,"column":59}},"7":{"start":{"line":13,"column":14},"end":{"line":19,"column":3}},"8":{"start":{"line":14,"column":14},"end":{"line":14,"column":23}},"9":{"start":{"line":15,"column":2},"end":{"line":17,"column":3}},"10":{"start":{"line":16,"column":3},"end":{"line":16,"column":13}},"11":{"start":{"line":18,"column":2},"end":{"line":18,"column":24}},"12":{"start":{"line":21,"column":1},"end":{"line":21,"column":41}},"13":{"start":{"line":21,"column":29},"end":{"line":21,"column":39}},"14":{"start":{"line":1,"column":0},"end":{"line":1,"column":16}}},"fnMap":{"0":{"name":"getDaysInMonthArray","decl":{"start":{"line":1,"column":16},"end":{"line":1,"column":35}},"loc":{"start":{"line":1,"column":63},"end":{"line":22,"column":1}}},"1":{"name":"(anonymous_1)","decl":{"start":{"line":13,"column":50},"end":{"line":13,"column":51}},"loc":{"start":{"line":13,"column":63},"end":{"line":19,"column":2}}},"2":{"name":"(anonymous_2)","decl":{"start":{"line":21,"column":20},"end":{"line":21,"column":21}},"loc":{"start":{"line":21,"column":29},"end":{"line":21,"column":39}}}},"branchMap":{"0":{"loc":{"start":{"line":2,"column":1},"end":{"line":4,"column":2}},"type":"if","locations":[{"start":{"line":2,"column":1},"end":{"line":4,"column":2}}]},"1":{"loc":{"start":{"line":2,"column":5},"end":{"line":2,"column":55}},"type":"binary-expr","locations":[{"start":{"line":2,"column":5},"end":{"line":2,"column":13}},{"start":{"line":2,"column":17},"end":{"line":2,"column":28}},{"start":{"line":2,"column":32},"end":{"line":2,"column":41}},{"start":{"line":2,"column":45},"end":{"line":2,"column":55}}]},"2":{"loc":{"start":{"line":15,"column":2},"end":{"line":17,"column":3}},"type":"if","locations":[{"start":{"line":15,"column":2},"end":{"line":17,"column":3}}]},"3":{"loc":{"start":{"line":15,"column":6},"end":{"line":15,"column":72}},"type":"binary-expr","locations":[{"start":{"line":15,"column":6},"end":{"line":15,"column":26}},{"start":{"line":15,"column":30},"end":{"line":15,"column":52}},{"start":{"line":15,"column":56},"end":{"line":15,"column":72}}]}},"s":{"0":3,"1":2,"2":1,"3":1,"4":1,"5":1,"6":1,"7":1,"8":28,"9":28,"10":0,"11":28,"12":1,"13":28,"14":1},"f":{"0":3,"1":28,"2":28},"b":{"0":[2],"1":[3,3,2,2],"2":[0],"3":[28,0,0]}}
,"D:\\FrontEnd\\Modsen\\Internship\\Test Tasks\\Twitter Clone\\src\\utils\\isLikedByMe.ts": {"path":"D:\\FrontEnd\\Modsen\\Internship\\Test Tasks\\Twitter Clone\\src\\utils\\isLikedByMe.ts","statementMap":{"0":{"start":{"line":1,"column":27},"end":{"line":2,"column":25}},"1":{"start":{"line":2,"column":1},"end":{"line":2,"column":25}},"2":{"start":{"line":1,"column":13},"end":{"line":1,"column":27}}},"fnMap":{"0":{"name":"(anonymous_0)","decl":{"start":{"line":1,"column":27},"end":{"line":1,"column":28}},"loc":{"start":{"line":2,"column":1},"end":{"line":2,"column":25}}}},"branchMap":{},"s":{"0":1,"1":3,"2":1},"f":{"0":3},"b":{}}
}
