{"D:\\FrontEnd\\Modsen\\Internship\\Test Tasks\\Twitter Clone\\src\\utils\\generateYears.ts": {"path":"D:\\FrontEnd\\Modsen\\Internship\\Test Tasks\\Twitter Clone\\src\\utils\\generateYears.ts","statementMap":{"0":{"start":{"line":2,"column":24},"end":{"line":2,"column":48}},"1":{"start":{"line":3,"column":22},"end":{"line":3,"column":26}},"2":{"start":{"line":5,"column":23},"end":{"line":5,"column":122}},"3":{"start":{"line":5,"column":89},"end":{"line":5,"column":121}},"4":{"start":{"line":7,"column":4},"end":{"line":7,"column":22}},"5":{"start":{"line":1,"column":0},"end":{"line":1,"column":16}}},"fnMap":{"0":{"name":"generateYears","decl":{"start":{"line":1,"column":16},"end":{"line":1,"column":29}},"loc":{"start":{"line":1,"column":29},"end":{"line":8,"column":1}}},"1":{"name":"(anonymous_1)","decl":{"start":{"line":5,"column":75},"end":{"line":5,"column":76}},"loc":{"start":{"line":5,"column":89},"end":{"line":5,"column":121}}}},"branchMap":{},"s":{"0":1,"1":1,"2":1,"3":125,"4":1,"5":1},"f":{"0":1,"1":125},"b":{}}
,"D:\\FrontEnd\\Modsen\\Internship\\Test Tasks\\Twitter Clone\\src\\utils\\getDaysInMonthArray.ts": {"path":"D:\\FrontEnd\\Modsen\\Internship\\Test Tasks\\Twitter Clone\\src\\utils\\getDaysInMonthArray.ts","statementMap":{"0":{"start":{"line":2,"column":4},"end":{"line":4,"column":5}},"1":{"start":{"line":3,"column":8},"end":{"line":3,"column":18}},"2":{"start":{"line":6,"column":24},"end":{"line":6,"column":34}},"3":{"start":{"line":7,"column":24},"end":{"line":7,"column":49}},"4":{"start":{"line":8,"column":25},"end":{"line":8,"column":47}},"5":{"start":{"line":9,"column":23},"end":{"line":9,"column":44}},"6":{"start":{"line":11,"column":24},"end":{"line":11,"column":62}},"7":{"start":{"line":13,"column":17},"end":{"line":19,"column":6}},"8":{"start":{"line":14,"column":20},"end":{"line":14,"column":29}},"9":{"start":{"line":15,"column":8},"end":{"line":17,"column":9}},"10":{"start":{"line":16,"column":12},"end":{"line":16,"column":22}},"11":{"start":{"line":18,"column":8},"end":{"line":18,"column":30}},"12":{"start":{"line":21,"column":4},"end":{"line":21,"column":42}},"13":{"start":{"line":21,"column":30},"end":{"line":21,"column":40}},"14":{"start":{"line":1,"column":0},"end":{"line":1,"column":16}}},"fnMap":{"0":{"name":"getDaysInMonthArray","decl":{"start":{"line":1,"column":16},"end":{"line":1,"column":35}},"loc":{"start":{"line":1,"column":63},"end":{"line":22,"column":1}}},"1":{"name":"(anonymous_1)","decl":{"start":{"line":13,"column":53},"end":{"line":13,"column":54}},"loc":{"start":{"line":13,"column":66},"end":{"line":19,"column":5}}},"2":{"name":"(anonymous_2)","decl":{"start":{"line":21,"column":23},"end":{"line":21,"column":26}},"loc":{"start":{"line":21,"column":30},"end":{"line":21,"column":40}}}},"branchMap":{"0":{"loc":{"start":{"line":2,"column":4},"end":{"line":4,"column":5}},"type":"if","locations":[{"start":{"line":2,"column":4},"end":{"line":4,"column":5}}]},"1":{"loc":{"start":{"line":2,"column":8},"end":{"line":2,"column":58}},"type":"binary-expr","locations":[{"start":{"line":2,"column":8},"end":{"line":2,"column":16}},{"start":{"line":2,"column":20},"end":{"line":2,"column":31}},{"start":{"line":2,"column":35},"end":{"line":2,"column":44}},{"start":{"line":2,"column":48},"end":{"line":2,"column":58}}]},"2":{"loc":{"start":{"line":15,"column":8},"end":{"line":17,"column":9}},"type":"if","locations":[{"start":{"line":15,"column":8},"end":{"line":17,"column":9}}]},"3":{"loc":{"start":{"line":15,"column":12},"end":{"line":15,"column":78}},"type":"binary-expr","locations":[{"start":{"line":15,"column":12},"end":{"line":15,"column":32}},{"start":{"line":15,"column":36},"end":{"line":15,"column":58}},{"start":{"line":15,"column":62},"end":{"line":15,"column":78}}]}},"s":{"0":3,"1":2,"2":1,"3":1,"4":1,"5":1,"6":1,"7":1,"8":28,"9":28,"10":0,"11":28,"12":1,"13":28,"14":1},"f":{"0":3,"1":28,"2":28},"b":{"0":[2],"1":[3,3,2,2],"2":[0],"3":[28,0,0]}}
,"D:\\FrontEnd\\Modsen\\Internship\\Test Tasks\\Twitter Clone\\src\\utils\\isLikedByMe.ts": {"path":"D:\\FrontEnd\\Modsen\\Internship\\Test Tasks\\Twitter Clone\\src\\utils\\isLikedByMe.ts","statementMap":{"0":{"start":{"line":1,"column":27},"end":{"line":1,"column":90}},"1":{"start":{"line":1,"column":66},"end":{"line":1,"column":90}},"2":{"start":{"line":1,"column":13},"end":{"line":1,"column":27}}},"fnMap":{"0":{"name":"(anonymous_0)","decl":{"start":{"line":1,"column":27},"end":{"line":1,"column":28}},"loc":{"start":{"line":1,"column":66},"end":{"line":1,"column":90}}}},"branchMap":{},"s":{"0":1,"1":3,"2":1},"f":{"0":3},"b":{}}
}
