TN:
SF:src\utils\generateYears.ts
FN:1,generateYears
FN:5,(anonymous_1)
FNF:2
FNH:2
FNDA:1,generateYears
FNDA:125,(anonymous_1)
DA:1,1
DA:2,1
DA:3,1
DA:5,125
DA:7,1
LF:5
LH:5
BRF:0
BRH:0
end_of_record
TN:
SF:src\utils\getDaysInMonthArray.ts
FN:1,getDaysInMonthArray
FN:13,(anonymous_1)
FN:21,(anonymous_2)
FNF:3
FNH:3
FNDA:3,getDaysInMonthArray
FNDA:28,(anonymous_1)
FNDA:28,(anonymous_2)
DA:1,1
DA:2,3
DA:3,2
DA:6,1
DA:7,1
DA:8,1
DA:9,1
DA:11,1
DA:13,1
DA:14,28
DA:15,28
DA:16,0
DA:18,28
DA:21,28
LF:14
LH:13
BRDA:2,0,0,2
BRDA:2,1,0,3
BRDA:2,1,1,3
BRDA:2,1,2,2
BRDA:2,1,3,2
BRDA:15,2,0,0
BRDA:15,3,0,28
BRDA:15,3,1,0
BRDA:15,3,2,0
BRF:9
BRH:6
end_of_record
TN:
SF:src\utils\isLikedByMe.ts
FN:1,(anonymous_0)
FNF:1
FNH:1
FNDA:3,(anonymous_0)
DA:1,3
LF:1
LH:1
BRF:0
BRH:0
end_of_record
